2024-01-14 19:05:31,956 views INFO main products

2024-01-24 02:57:06,589 views INFO main products
202
2024-01-24 19:15:52,949 views INFO main products
2024-01-24 19:16:27,928 views INFO main products
2024-01-24 19:16:28,424 views INFO main products
2024-01-24 19:17:22,578 views INFO main products
s
2024-01-24 20:14:13,508 views INFO main products
20in products
2024-01-24 20:25:22,673 views INFO main products
2024-products
20
2024-01-24 20:45:04,848 views INFO main products
2024-01-24 20:45:35,429 views INFO main products
2024-01-24 20:45:36,504 views INFO main products
2024-01-24 20:46:38,348 views INFO main products
2024-01-24 20:47:40,135 views INFO main products
2024-01-24 20:49:03,498 views INFO main products
2024-01-24 20:49:04,391 views INFO main products
2024-01-24 20:49:29,936 views INFO main products
2024-01-24 20:49:31,046 views INFO main products
2024-01-24 20:49:31,748 views INFO main products
2024-01-24 21:00:12,630 views INFO main products
2024-01-24 21:00:52,395 views INFO main products
2024-01-24 21:00:59,075 views INFO main products
2024-01-24 21:00:59,819 views INFO main products
2024-01-24 21:02:05,343 views INFO main products
2024-01-24 21:03:11,272 views INFO main products
2024-01-24 21:03:12,039 views INFO main products
2024-01-24 21:03:13,004 views INFO main products
2024-01-24 21:03:13,429 views INFO main products
2024-01-24 21:03:14,273 views INFO main products
2024-01-24 21:03:15,327 views INFO main products
2024-01-24 21:03:16,185 views INFO main products
2024-01-24 21:03:16,972 views INFO main products
2024-01-24 21:03:17,699 views INFO main products
2024-01-24 21:03:18,513 views INFO main products
2024-01-24 21:03:19,522 views INFO main products
2024-01-24 21:03:27,426 views INFO main products
2024-01-24 21:03:29,510 views INFO main products
2024-01-24 21:03:30,600 views INFO main products
2024-01-24 21:06:38,165 views INFO main products
2024-01-24 21:06:39,909 views INFO main products
2024-01-24 21:06:40,933 views INFO main products
2024-01-24 21:06:45,138 views INFO main products
2024-01-24 21:06:48,060 views INFO main products
2024-01-24 21:06:55,522 views INFO main products
2024-01-24 21:06:57,174 views INFO main products
2024-01-24 21:07:24,601 views INFO main products
2024-01-24 21:07:38,625 views INFO main products
2024-01-24 21:14:19,251 views INFO main products
2024-01-24 21:14:22,152 views INFO main products
2024-01-24 21:19:35,257 views INFO main products
2024-01-24 21:19:40,522 views INFO main products
2024-01-24 21:19:57,004 views INFO main products
2024-01-24 21:20:42,373 views INFO main products
2024-01-24 21:20:52,756 views INFO main products
2024-01-24 21:20:58,915 views INFO main products
2024-01-24 21:21:53,697 views INFO main products
2024-01-24 21:21:54,506 views INFO main products
2024-01-24 21:22:32,672 views INFO main products
2024-01-24 21:22:45,468 views INFO main products
2024-01-24 21:22:46,268 views INFO main products
2024-01-24 21:22:53,344 views INFO main products
2024-01-24 21:23:18,214 views INFO main products
2024-01-24 21:23:27,072 views INFO main products
2024-01-24 21:23:29,596 views INFO main products
2024-01-24 21:23:34,226 views INFO main products
2024-01-24 21:31:21,975 views INFO main products
2024-01-24 21:34:28,478 views INFO main products
2024-01-24 21:34:44,656 views INFO main products
2024-01-24 21:35:37,741 views INFO main products
2024-01-24 21:38:44,483 views INFO main products
2024-01-24 21:38:45,596 views INFO main products
2024-01-24 21:39:11,810 views INFO main products
2024-01-24 22:14:03,007 views INFO main products
2024-01-24 22:14:04,486 views INFO main products
2024-01-24 22:14:06,984 views INFO main products
2024-01-24 22:14:08,403 views INFO main products
2024-01-24 22:14:09,842 views INFO main products
2024-01-24 22:14:10,491 views INFO main products
2024-01-24 22:14:23,177 views INFO main products
2024-01-24 22:14:54,793 views INFO main products
2024-01-24 22:14:55,574 views INFO main products
2024-01-24 22:15:02,351 views INFO main products
2024-01-24 22:15:03,132 views INFO main products
2024-01-24 22:15:15,028 views INFO main products
2024-01-24 22:15:22,837 views INFO main products
2024-01-24 22:15:36,586 views INFO main products
2024-01-24 22:16:10,949 views INFO main products
2024-01-24 22:16:13,366 views INFO main products
2024-01-24 22:20:32,631 views INFO main products
2024-01-24 22:20:33,876 views INFO main products
2024-01-24 22:20:35,001 views INFO main products
2024-01-24 22:22:09,084 views INFO main products
2024-01-24 22:22:47,742 views INFO main products
2024-01-24 22:27:54,550 views INFO main products
2024-01-24 22:27:58,159 views INFO main products
2024-01-24 22:28:03,592 views INFO main products
2024-01-24 22:35:00,068 views INFO main products
2024-01-24 22:38:03,969 views INFO main products
2024-01-24 22:38:24,659 views INFO main products
2024-01-24 22:38:38,822 views INFO main products
2024-01-24 22:38:39,723 views INFO main products
2024-01-24 22:38:40,282 views INFO main products
2024-01-24 22:43:05,467 views INFO main products
2024-01-24 22:45:35,717 views INFO main products
2024-01-27 02:43:29,175 views INFO main products
2024-01-27 02:43:46,502 views INFO main products
2024-01-27 02:50:09,658 views INFO main products
2024-01-27 02:50:10,866 views INFO main products
2024-01-27 02:50:11,832 views INFO main products
2024-01-27 02:53:58,947 views INFO main products
2024-01-27 02:54:14,730 views INFO main products
2024-01-27 02:54:22,602 views INFO main products
2024-01-27 02:55:19,263 views INFO main products
2024-01-27 02:57:58,595 views INFO main products
2024-01-27 03:12:55,254 views INFO main products
2024-01-27 03:13:08,355 views INFO main products
2024-01-27 18:03:26,298 views INFO main products
2024-01-27 18:05:13,819 views INFO main products
2024-01-27 18:06:11,932 views INFO main products
2024-01-27 18:27:50,886 views INFO main products
2024-01-27 18:43:29,746 views INFO main products
2024-01-27 18:52:40,966 views INFO main products
2024-01-27 19:02:42,634 views INFO main products
2024-01-27 19:02:58,965 views INFO main products
2024-01-27 19:03:07,211 views INFO main products
2024-01-27 19:03:23,193 views INFO main products
2024-01-27 19:03:24,591 views INFO main products
2024-01-27 19:03:26,059 views INFO main products
2024-01-27 19:04:02,103 views INFO main products
2024-01-27 19:05:48,861 views INFO main products
2024-01-27 19:06:26,331 views INFO main products
2024-01-27 19:07:41,170 views INFO main products
2024-01-27 19:07:51,276 views INFO main products
2024-01-27 19:15:18,411 views INFO main products
2024-01-27 19:16:19,557 views INFO main products
2024-01-27 19:16:58,269 views INFO main products
2024-01-27 19:17:54,647 views INFO main products
2024-01-27 19:26:53,270 views INFO main products
2024-01-27 19:26:59,375 views INFO main products
2024-01-27 19:27:00,052 views INFO main products
2024-01-27 19:27:24,991 views INFO main products
2024-01-27 19:27:37,162 views INFO main products
2024-01-27 19:27:41,331 views INFO main products
2024-01-27 19:28:16,988 views INFO main products
2024-01-27 19:30:20,911 views INFO main products
2024-01-27 19:31:13,827 views INFO main products
2024-01-27 19:31:36,645 views INFO main products
2024-01-27 19:31:43,839 views INFO main products
2024-01-27 19:32:17,036 views INFO main products
2024-01-27 19:32:17,759 views INFO main products
2024-01-27 19:32:24,602 views INFO main products
2024-01-27 19:32:27,368 views INFO main products
2024-01-27 19:33:22,892 views INFO main products
2024-01-27 19:35:03,322 views INFO main products
2024-01-27 19:35:34,312 views INFO main products
2024-01-27 19:35:35,220 views INFO main products
2024-01-27 19:37:53,827 views INFO main products
2024-01-27 19:38:51,094 views INFO main products
2024-01-27 19:40:19,418 views INFO main products
2024-01-27 21:05:33,905 views INFO main products
2024-01-27 21:07:48,543 views INFO main products
2024-01-30 18:55:11,897 views INFO main products
2024-01-30 18:56:15,815 views INFO main products
2024-01-30 18:58:07,774 views INFO main products
2024-01-30 18:58:10,554 views INFO main products
2024-01-30 19:00:49,057 views INFO main products
2024-01-30 19:00:52,489 views INFO main products
2024-01-30 19:00:54,864 views INFO main products
2024-01-30 19:00:56,046 views INFO main products
2024-01-30 19:00:58,740 views INFO main products
2024-01-30 19:01:09,248 views INFO main products
2024-01-30 19:01:11,358 views INFO main products
2024-01-30 19:01:11,822 views INFO main products
2024-01-30 19:01:22,402 views INFO main products
2024-01-30 19:01:23,847 views INFO main products
2024-01-30 19:01:25,632 views INFO main products
2024-01-30 19:01:26,655 views INFO main products
2024-01-30 19:01:28,733 views INFO main products
2024-01-30 19:03:37,176 views INFO main products
2024-01-30 19:05:05,873 views INFO main products
2024-01-30 19:05:39,283 views INFO main products
2024-01-30 19:08:12,004 views INFO main products
2024-01-30 19:08:13,532 views INFO main products
2024-01-30 19:08:14,232 views INFO main products
2024-01-30 19:08:18,110 views INFO main products
2024-01-30 19:08:20,015 views INFO main products
2024-01-30 19:08:20,917 views INFO main products
2024-01-30 19:09:04,052 views INFO main products
2024-01-30 19:09:05,864 views INFO main products
2024-01-30 19:09:06,528 views INFO main products
2024-01-30 19:09:07,007 views INFO main products
2024-01-30 19:09:11,428 views INFO main products
2024-01-30 19:09:13,574 views INFO main products
2024-01-30 19:09:14,227 views INFO main products
2024-01-30 19:10:21,545 views INFO main products
2024-01-30 19:10:22,386 views INFO main products
2024-01-30 19:10:31,583 views INFO main products
2024-01-30 19:10:36,521 views INFO main products
2024-01-30 19:10:41,567 views INFO main products
2024-01-30 19:10:42,418 views INFO main products
2024-01-30 19:11:15,580 views INFO main products
2024-01-30 19:11:35,993 views INFO main products
2024-01-30 19:11:36,879 views INFO main products
2024-01-30 19:11:43,341 views INFO main products
2024-01-30 19:11:46,712 views INFO main products
2024-01-30 19:11:51,879 views INFO main products
2024-01-30 19:11:53,404 views INFO main products
2024-01-30 19:11:54,278 views INFO main products
2024-01-30 19:11:55,906 views INFO main products
2024-01-30 19:12:01,007 views INFO main products
2024-01-30 19:14:10,779 views INFO main products
2024-01-30 19:14:11,992 views INFO main products
2024-01-30 19:14:13,496 views INFO main products
2024-01-30 19:16:44,376 views INFO main products
2024-01-30 19:16:45,504 views INFO main products
2024-01-30 19:16:51,845 views INFO main products
2024-01-30 19:16:52,804 views INFO main products
2024-01-30 19:16:55,796 views INFO main products
2024-01-30 19:17:06,880 views INFO main products
2024-01-30 19:17:07,537 views INFO main products
2024-01-30 19:17:29,719 views INFO main products
2024-01-30 19:17:52,037 views INFO main products
2024-01-30 19:18:01,127 views INFO main products
2024-01-30 19:18:04,306 views INFO main products
2024-01-30 19:18:36,546 views INFO main products
2024-01-30 19:18:37,415 views INFO main products
2024-01-30 19:20:00,113 views INFO main products
2024-01-30 19:20:57,070 views INFO main products
2024-01-30 19:21:09,773 views INFO main products
2024-01-30 19:21:13,632 views INFO main products
2024-01-30 19:21:38,756 views INFO main products
2024-01-30 19:21:41,581 views INFO main products
2024-01-30 19:21:45,991 views INFO main products
2024-01-30 19:21:50,922 views INFO main products
2024-01-30 19:21:55,546 views INFO main products
2024-01-30 19:21:58,208 views INFO main products
2024-01-30 19:22:00,016 views INFO main products
2024-01-30 19:22:02,878 views INFO main products
2024-01-30 19:22:16,197 views INFO main products
2024-01-30 19:22:28,902 views INFO main products
2024-01-30 19:23:57,624 views INFO main products
2024-01-30 19:23:59,595 views INFO main products
202
2